<?xml version="1.0" encoding="UTF-8"?>
<!-- Generated by org.testng.reporters.JUnitXMLReporter -->
<testsuite hostname="Mehedi-PC" name="Default test" tests="8" failures="0" timestamp="24 Mar 2015 10:35:16 GMT" time="82.068" errors="0">
  <testcase name="verifyRegistration" time="8.58" classname="com.farmilio.Farmilio_Regression"/>
  <testcase name="verifyBlankLogin" time="7.404" classname="com.farmilio.Farmilio_Regression"/>
  <testcase name="verifyInvalidLogin" time="5.249" classname="com.farmilio.Farmilio_Regression"/>
  <testcase name="verifyValidLogin" time="8.47" classname="com.farmilio.Farmilio_Regression"/>
  <testcase name="verifyQuickSearch" time="5.656" classname="com.farmilio.Farmilio_Regression"/>
  <testcase name="verifyMyOffers" time="9.128" classname="com.farmilio.Farmilio_Regression"/>
  <testcase name="verifyAdvancedSearch" time="15.995" classname="com.farmilio.Farmilio_Regression"/>
  <testcase name="verifyShareFarmilio" time="9.969" classname="com.farmilio.Farmilio_Regression"/>
</testsuite> <!-- Default test -->
